<?xml version="1.0" encoding="UTF-8"?>
<!-- Generated by org.testng.reporters.JUnitXMLReporter -->
<testsuite hostname="DESKTOP-VVM8OTS" ignored="1" name="Test" tests="17" failures="2" timestamp="21 Oct 2019 08:54:10 GMT" time="1.123" errors="0">
  <testcase name="Test1" time="0.022" classname="test.testIexecution">
    <skipped/>
  </testcase> <!-- Test1 -->
  <testcase name="Test1" time="0.01" classname="test.testIexecution">
    <skipped/>
  </testcase> <!-- Test1 -->
  <testcase name="Test1" time="0.009" classname="test.testIexecution">
    <skipped/>
  </testcase> <!-- Test1 -->
  <testcase name="Test1" time="0.006" classname="test.testIexecution">
    <failure type="java.lang.ArrayIndexOutOfBoundsException" message="0">
      <![CDATA[java.lang.ArrayIndexOutOfBoundsException: 0
at Listener.DifferentListener.run(DifferentListener.java:142)
... Removed 22 stack frames]]>
    </failure>
  </testcase> <!-- Test1 -->
  <testcase name="t" time="0.009" classname="test.testIexecution"/>
  <testcase name="t" time="0.007" classname="test.testIexecution"/>
  <testcase name="t" time="0.017" classname="test.testIexecution"/>
  <testcase name="t1" time="0.025" classname="test.testIexecution"/>
  <testcase name="t1" time="0.009" classname="test.testIexecution"/>
  <testcase name="t1" time="0.018" classname="test.testIexecution"/>
  <testcase name="t2" time="0.009" classname="test.testIexecution"/>
  <testcase name="t2" time="0.003" classname="test.testIexecution"/>
  <testcase name="t2" time="0.006" classname="test.testIexecution"/>
  <testcase name="t4" time="0.005" classname="test.testIexecution">
    <skipped/>
  </testcase> <!-- t4 -->
  <testcase name="t4" time="0.006" classname="test.testIexecution">
    <skipped/>
  </testcase> <!-- t4 -->
  <testcase name="t4" time="0.007" classname="test.testIexecution">
    <skipped/>
  </testcase> <!-- t4 -->
  <testcase name="t4" time="0.006" classname="test.testIexecution">
    <failure type="java.lang.ArrayIndexOutOfBoundsException" message="0">
      <![CDATA[java.lang.ArrayIndexOutOfBoundsException: 0
at Listener.DifferentListener.run(DifferentListener.java:142)
... Removed 22 stack frames]]>
    </failure>
  </testcase> <!-- t4 -->
  <testcase name="t3" time="0.0" classname="test.testIexecution">
    <ignored/>
  </testcase> <!-- t3 -->
</testsuite> <!-- Test -->
