<?xml version="1.0" encoding="UTF-8"?>
<testsuite xmlns:xsi="http://www.w3.org/2001/XMLSchema-instance" xsi:noNamespaceSchemaLocation="https://maven.apache.org/surefire/maven-surefire-plugin/xsd/surefire-test-report.xsd" name="TestSuite" time="3.603" tests="17" errors="0" skipped="6" failures="2">
  <properties>
[...]
</properties>
  <testcase name="Test1" classname="test.testIexecution" time="0">
    <skipped message="0"/>
    <system-err><![CDATA[SLF4J: Failed to load class "org.slf4j.impl.StaticLoggerBinder".
SLF4J: Defaulting to no-operation (NOP) logger implementation
SLF4J: See http://www.slf4j.org/codes.html#StaticLoggerBinder for further details.
log4j:WARN No appenders could be found for logger (utilspackage.Log).
log4j:WARN Please initialize the log4j system properly.
]]></system-err>
  </testcase>
  <testcase name="Test1" classname="test.testIexecution" time="0">
    <skipped message="0"/>
  </testcase>
  <testcase name="Test1" classname="test.testIexecution" time="0">
    <skipped message="0"/>
  </testcase>
  <testcase name="Test1" classname="test.testIexecution" time="0.027">
    <failure message="0" type="java.lang.ArrayIndexOutOfBoundsException">java.lang.ArrayIndexOutOfBoundsException: 0
</failure>
  </testcase>
  <testcase name="t" classname="test.testIexecution" time="0.052"/>
  <testcase name="t" classname="test.testIexecution" time="0.045"/>
  <testcase name="t" classname="test.testIexecution" time="0.092"/>
  <testcase name="t1" classname="test.testIexecution" time="0.054"/>
  <testcase name="t1" classname="test.testIexecution" time="0.031"/>
  <testcase name="t1" classname="test.testIexecution" time="0.062"/>
  <testcase name="t2" classname="test.testIexecution" time="0.026"/>
  <testcase name="t2" classname="test.testIexecution" time="0.024"/>
  <testcase name="t2" classname="test.testIexecution" time="0.013"/>
  <testcase name="t4" classname="test.testIexecution" time="0">
    <skipped message="0"/>
    <system-out><![CDATA[999 [main] INFO utilspackage.Log  - on test method t4 start
999 [main] INFO utilspackage.Log  - on test method t4 start
1004 [main] INFO utilspackage.Log  - test method t4 skipped
1004 [main] INFO utilspackage.Log  - test method t4 skipped
]]></system-out>
  </testcase>
  <testcase name="t4" classname="test.testIexecution" time="0">
    <skipped message="0"/>
    <system-out><![CDATA[1022 [main] INFO utilspackage.Log  - on test method t4 start
1022 [main] INFO utilspackage.Log  - on test method t4 start
1026 [main] INFO utilspackage.Log  - test method t4 skipped
1026 [main] INFO utilspackage.Log  - test method t4 skipped
]]></system-out>
  </testcase>
  <testcase name="t4" classname="test.testIexecution" time="0">
    <skipped message="0"/>
    <system-out><![CDATA[1052 [main] INFO utilspackage.Log  - on test method t4 start
1052 [main] INFO utilspackage.Log  - on test method t4 start
1065 [main] INFO utilspackage.Log  - test method t4 skipped
1065 [main] INFO utilspackage.Log  - test method t4 skipped
]]></system-out>
  </testcase>
  <testcase name="t4" classname="test.testIexecution" time="0.01">
    <failure message="0" type="java.lang.ArrayIndexOutOfBoundsException">java.lang.ArrayIndexOutOfBoundsException: 0
</failure>
    <system-out><![CDATA[1081 [main] INFO utilspackage.Log  - on test method t4 start
1081 [main] INFO utilspackage.Log  - on test method t4 start
1085 [main] INFO utilspackage.Log  - ***** Error t4 test has failed *****
1085 [main] INFO utilspackage.Log  - ***** Error t4 test has failed *****
]]></system-out>
  </testcase>
</testsuite>