<?xml version="1.0" encoding="UTF-8"?>
<!-- Generated by org.testng.reporters.JUnitXMLReporter -->
<testsuite hostname="DESKTOP-VVM8OTS" ignored="0" name="Test" tests="4" failures="1" timestamp="21 Oct 2019 08:54:10 GMT" time="0.117" errors="0">
  <testcase name="test1" time="0.007" classname="test.test2">
    <skipped/>
  </testcase> <!-- test1 -->
  <testcase name="test1" time="0.004" classname="test.test2">
    <skipped/>
  </testcase> <!-- test1 -->
  <testcase name="test1" time="0.006" classname="test.test2">
    <skipped/>
  </testcase> <!-- test1 -->
  <testcase name="test1" time="0.003" classname="test.test2">
    <failure type="java.lang.ArrayIndexOutOfBoundsException" message="0">
      <![CDATA[java.lang.ArrayIndexOutOfBoundsException: 0
at Listener.DifferentListener.run(DifferentListener.java:142)
... Removed 22 stack frames]]>
    </failure>
  </testcase> <!-- test1 -->
</testsuite> <!-- Test -->
